# JRE version: OpenJDK Runtime Environment (21.0.10) (build 21.0.10+-14961533-b1163.108)
# Java VM: OpenJDK 64-Bit Server VM (21.0.10+-14961533-b1163.108, mixed mode, tiered, compressed oops, compressed class ptrs, g1 gc, windows-amd64)
GC Precious Log:
 CardTable entry size: 512
 Card Set container configuration: InlinePtr #cards 4 size 8 Array Of Cards #cards 32 size 80 Howl #buckets 8 coarsen threshold 7372 Howl Bitmap #cards 1024 size 144 coarsen threshold 921 Card regions per heap region 1 cards per card region 8192
 CPUs: 4 total, 4 available
 Memory: 32612M
 Large Page Support: Disabled
 NUMA Support: Disabled
 Compressed Oops: Enabled (Zero based)
 Heap Region Size: 4M
 Heap Min Capacity: 8M
 Heap Initial Capacity: 512M
 Heap Max Capacity: 8G
 Pre-touch: Disabled
 Parallel Workers: 4
 Concurrent Workers: 1
 Concurrent Refinement Workers: 4
 Periodic GC: Disabled
Heap:
 garbage-first heap   total 1683456K, used 638710K [0x0000000600000000, 0x0000000800000000)
  region size 4096K, 31 young (126976K), 25 survivors (102400K)
 Metaspace       used 297798K, committed 300864K, reserved 1310720K
  class space    used 39855K, committed 41344K, reserved 1048576K
GC Heap History (20 events):
Event: 482.186 GC heap before
{Heap before GC invocations=128 (full 0):
 garbage-first heap   total 1368064K, used 1292648K [0x0000000600000000, 0x0000000800000000)
  region size 4096K, 175 young (716800K), 10 survivors (40960K)
 Metaspace       used 278052K, committed 281024K, reserved 1310720K
  class space    used 37257K, committed 38656K, reserved 1048576K
}
Event: 482.217 GC heap after
{Heap after GC invocations=129 (full 0):
 garbage-first heap   total 1368064K, used 619092K [0x0000000600000000, 0x0000000800000000)
  region size 4096K, 10 young (40960K), 10 survivors (40960K)
 Metaspace       used 278052K, committed 281024K, reserved 1310720K
  class space    used 37257K, committed 38656K, reserved 1048576K
}
Event: 485.458 GC heap before
{Heap before GC invocations=130 (full 0):
 garbage-first heap   total 1368064K, used 1286740K [0x0000000600000000, 0x0000000800000000)
  region size 4096K, 174 young (712704K), 10 survivors (40960K)
 Metaspace       used 278057K, committed 281024K, reserved 1310720K
  class space    used 37257K, committed 38656K, reserved 1048576K
}
Event: 485.494 GC heap after
{Heap after GC invocations=131 (full 0):
 garbage-first heap   total 1368064K, used 618446K [0x0000000600000000, 0x0000000800000000)
  region size 4096K, 10 young (40960K), 10 survivors (40960K)
 Metaspace       used 278057K, committed 281024K, reserved 1310720K
  class space    used 37257K, committed 38656K, reserved 1048576K
}
Event: 492.909 GC heap before
{Heap before GC invocations=131 (full 0):
 garbage-first heap   total 1368064K, used 1290190K [0x0000000600000000, 0x0000000800000000)
  region size 4096K, 174 young (712704K), 10 survivors (40960K)
 Metaspace       used 279335K, committed 282368K, reserved 1310720K
  class space    used 37460K, committed 38912K, reserved 1048576K
}
Event: 492.975 GC heap after
{Heap after GC invocations=132 (full 0):
 garbage-first heap   total 1368064K, used 620944K [0x0000000600000000, 0x0000000800000000)
  region size 4096K, 12 young (49152K), 12 survivors (49152K)
 Metaspace       used 279335K, committed 282368K, reserved 1310720K
  class space    used 37460K, committed 38912K, reserved 1048576K
}
Event: 496.962 GC heap before
{Heap before GC invocations=132 (full 0):
 garbage-first heap   total 1368064K, used 1292688K [0x0000000600000000, 0x0000000800000000)
  region size 4096K, 176 young (720896K), 12 survivors (49152K)
 Metaspace       used 281020K, committed 283968K, reserved 1310720K
  class space    used 37698K, committed 39104K, reserved 1048576K
}
Event: 497.011 GC heap after
{Heap after GC invocations=133 (full 0):
 garbage-first heap   total 1368064K, used 621690K [0x0000000600000000, 0x0000000800000000)
  region size 4096K, 12 young (49152K), 12 survivors (49152K)
 Metaspace       used 281020K, committed 283968K, reserved 1310720K
  class space    used 37698K, committed 39104K, reserved 1048576K
}
Event: 503.222 GC heap before
{Heap before GC invocations=134 (full 0):
 garbage-first heap   total 1368064K, used 1289338K [0x0000000600000000, 0x0000000800000000)
  region size 4096K, 175 young (716800K), 12 survivors (49152K)
 Metaspace       used 283663K, committed 286656K, reserved 1310720K
  class space    used 38002K, committed 39424K, reserved 1048576K
}
Event: 503.269 GC heap after
{Heap after GC invocations=135 (full 0):
 garbage-first heap   total 1368064K, used 620889K [0x0000000600000000, 0x0000000800000000)
  region size 4096K, 11 young (45056K), 11 survivors (45056K)
 Metaspace       used 283663K, committed 286656K, reserved 1310720K
  class space    used 38002K, committed 39424K, reserved 1048576K
}
Event: 505.463 GC heap before
{Heap before GC invocations=135 (full 0):
 garbage-first heap   total 1368064K, used 1292633K [0x0000000600000000, 0x0000000800000000)
  region size 4096K, 175 young (716800K), 11 survivors (45056K)
 Metaspace       used 283769K, committed 286720K, reserved 1310720K
  class space    used 38007K, committed 39424K, reserved 1048576K
}
Event: 505.543 GC heap after
{Heap after GC invocations=136 (full 0):
 garbage-first heap   total 1368064K, used 615736K [0x0000000600000000, 0x0000000800000000)
  region size 4096K, 12 young (49152K), 12 survivors (49152K)
 Metaspace       used 283769K, committed 286720K, reserved 1310720K
  class space    used 38007K, committed 39424K, reserved 1048576K
}
Event: 507.371 GC heap before
{Heap before GC invocations=136 (full 0):
 garbage-first heap   total 1368064K, used 1287480K [0x0000000600000000, 0x0000000800000000)
  region size 4096K, 177 young (724992K), 12 survivors (49152K)
 Metaspace       used 283817K, committed 286784K, reserved 1310720K
  class space    used 38016K, committed 39424K, reserved 1048576K
}
Event: 507.420 GC heap after
{Heap after GC invocations=137 (full 0):
 garbage-first heap   total 1642496K, used 616304K [0x0000000600000000, 0x0000000800000000)
  region size 4096K, 11 young (45056K), 11 survivors (45056K)
 Metaspace       used 283817K, committed 286784K, reserved 1310720K
  class space    used 38016K, committed 39424K, reserved 1048576K
}
Event: 517.255 GC heap before
{Heap before GC invocations=138 (full 0):
 garbage-first heap   total 1642496K, used 1554288K [0x0000000600000000, 0x0000000800000000)
  region size 4096K, 240 young (983040K), 11 survivors (45056K)
 Metaspace       used 286256K, committed 289344K, reserved 1310720K
  class space    used 38351K, committed 39808K, reserved 1048576K
}
Event: 517.296 GC heap after
{Heap after GC invocations=139 (full 0):
 garbage-first heap   total 1642496K, used 617064K [0x0000000600000000, 0x0000000800000000)
  region size 4096K, 11 young (45056K), 11 survivors (45056K)
 Metaspace       used 286256K, committed 289344K, reserved 1310720K
  class space    used 38351K, committed 39808K, reserved 1048576K
}
Event: 6887.295 GC heap before
{Heap before GC invocations=139 (full 0):
 garbage-first heap   total 1642496K, used 1608296K [0x0000000600000000, 0x0000000800000000)
  region size 4096K, 240 young (983040K), 11 survivors (45056K)
 Metaspace       used 290873K, committed 294016K, reserved 1310720K
  class space    used 38934K, committed 40448K, reserved 1048576K
}
Event: 6887.526 GC heap after
{Heap after GC invocations=140 (full 0):
 garbage-first heap   total 1683456K, used 562907K [0x0000000600000000, 0x0000000800000000)
  region size 4096K, 12 young (49152K), 12 survivors (49152K)
 Metaspace       used 290873K, committed 294016K, reserved 1310720K
  class space    used 38934K, committed 40448K, reserved 1048576K
}
Event: 6922.735 GC heap before
{Heap before GC invocations=140 (full 0):
 garbage-first heap   total 1683456K, used 1517275K [0x0000000600000000, 0x0000000800000000)
  region size 4096K, 246 young (1007616K), 12 survivors (49152K)
 Metaspace       used 297798K, committed 300864K, reserved 1310720K
  class space    used 39855K, committed 41344K, reserved 1048576K
}
Event: 6922.911 GC heap after
{Heap after GC invocations=141 (full 0):
 garbage-first heap   total 1683456K, used 618230K [0x0000000600000000, 0x0000000800000000)
  region size 4096K, 25 young (102400K), 25 survivors (102400K)
 Metaspace       used 297798K, committed 300864K, reserved 1310720K
  class space    used 39855K, committed 41344K, reserved 1048576K
}

